mode: set
projects/features/item/services/service.go:22.45,27.2 1 1
projects/features/item/services/service.go:30.109,32.17 2 1
projects/features/item/services/service.go:36.2,36.17 1 1
projects/features/item/services/service.go:63.2,64.16 2 1
projects/features/item/services/service.go:68.2,69.16 2 1
projects/features/item/services/service.go:73.2,74.16 2 1
projects/features/item/services/service.go:78.2,79.16 2 1
projects/features/item/services/service.go:89.2,89.17 1 1
projects/features/item/services/service.go:32.17,34.3 1 1
projects/features/item/services/service.go:36.17,38.17 2 1
projects/features/item/services/service.go:41.3,42.17 2 1
projects/features/item/services/service.go:47.3,48.17 2 1
projects/features/item/services/service.go:51.3,54.17 3 1
projects/features/item/services/service.go:57.3,57.21 1 1
projects/features/item/services/service.go:60.3,60.20 1 1
projects/features/item/services/service.go:38.17,40.4 1 1
projects/features/item/services/service.go:42.17,46.4 3 1
projects/features/item/services/service.go:48.17,50.4 1 1
projects/features/item/services/service.go:54.17,56.4 1 1
projects/features/item/services/service.go:57.21,59.4 1 0
projects/features/item/services/service.go:64.16,66.3 1 0
projects/features/item/services/service.go:69.16,71.3 1 0
projects/features/item/services/service.go:74.16,76.3 1 1
projects/features/item/services/service.go:79.16,81.49 2 1
projects/features/item/services/service.go:86.3,86.38 1 1
projects/features/item/services/service.go:81.49,83.4 1 1
projects/features/item/services/service.go:83.9,85.4 1 1
projects/features/item/services/service.go:93.64,95.17 2 1
projects/features/item/services/service.go:98.2,99.16 2 1
projects/features/item/services/service.go:108.2,108.12 1 1
projects/features/item/services/service.go:95.17,97.3 1 1
projects/features/item/services/service.go:99.16,101.49 2 1
projects/features/item/services/service.go:106.3,106.25 1 1
projects/features/item/services/service.go:101.49,103.4 1 1
projects/features/item/services/service.go:103.9,105.4 1 1
projects/features/item/services/service.go:112.58,114.16 2 1
projects/features/item/services/service.go:123.2,123.17 1 1
projects/features/item/services/service.go:114.16,116.49 2 1
projects/features/item/services/service.go:121.3,121.40 1 1
projects/features/item/services/service.go:116.49,118.4 1 1
projects/features/item/services/service.go:118.9,120.4 1 1
projects/features/item/services/service.go:127.71,129.17 2 1
projects/features/item/services/service.go:132.2,133.16 2 1
projects/features/item/services/service.go:143.2,143.17 1 1
projects/features/item/services/service.go:129.17,131.3 1 1
projects/features/item/services/service.go:133.16,136.49 3 1
projects/features/item/services/service.go:141.3,141.40 1 1
projects/features/item/services/service.go:136.49,138.4 1 1
projects/features/item/services/service.go:138.9,140.4 1 1
projects/features/item/services/service.go:146.88,148.17 2 1
projects/features/item/services/service.go:151.2,152.16 2 1
projects/features/item/services/service.go:161.2,161.17 1 1
projects/features/item/services/service.go:148.17,150.3 1 0
projects/features/item/services/service.go:152.16,154.49 2 1
projects/features/item/services/service.go:159.3,159.38 1 1
projects/features/item/services/service.go:154.49,156.4 1 1
projects/features/item/services/service.go:156.9,158.4 1 1
projects/features/item/services/service.go:165.128,167.17 2 1
projects/features/item/services/service.go:170.2,170.17 1 1
projects/features/item/services/service.go:198.2,198.38 1 1
projects/features/item/services/service.go:205.2,205.26 1 1
projects/features/item/services/service.go:212.2,212.27 1 1
projects/features/item/services/service.go:219.2,220.16 2 1
projects/features/item/services/service.go:231.2,231.17 1 1
projects/features/item/services/service.go:167.17,169.3 1 1
projects/features/item/services/service.go:170.17,172.17 2 1
projects/features/item/services/service.go:175.3,176.17 2 1
projects/features/item/services/service.go:181.3,182.17 2 1
projects/features/item/services/service.go:185.3,188.17 3 1
projects/features/item/services/service.go:192.3,192.21 1 1
projects/features/item/services/service.go:195.3,195.20 1 1
projects/features/item/services/service.go:172.17,174.4 1 0
projects/features/item/services/service.go:176.17,180.4 3 1
projects/features/item/services/service.go:182.17,184.4 1 1
projects/features/item/services/service.go:188.17,190.4 1 1
projects/features/item/services/service.go:192.21,194.4 1 0
projects/features/item/services/service.go:198.38,200.17 2 1
projects/features/item/services/service.go:200.17,202.4 1 0
projects/features/item/services/service.go:205.26,207.17 2 1
projects/features/item/services/service.go:207.17,209.4 1 0
projects/features/item/services/service.go:212.27,214.17 2 1
projects/features/item/services/service.go:214.17,216.4 1 0
projects/features/item/services/service.go:220.16,223.49 3 1
projects/features/item/services/service.go:228.3,228.38 1 1
projects/features/item/services/service.go:223.49,225.4 1 1
projects/features/item/services/service.go:225.9,227.4 1 1
