mode: set
projects/features/user/services/service.go:21.45,26.2 1 1
projects/features/user/services/service.go:44.82,47.16 2 1
projects/features/user/services/service.go:51.2,52.16 2 1
projects/features/user/services/service.go:63.2,63.71 1 1
projects/features/user/services/service.go:69.2,71.24 2 1
projects/features/user/services/service.go:47.16,49.3 1 1
projects/features/user/services/service.go:52.16,55.93 3 1
projects/features/user/services/service.go:60.3,60.42 1 1
projects/features/user/services/service.go:55.93,57.4 1 1
projects/features/user/services/service.go:57.9,59.4 1 1
projects/features/user/services/service.go:63.71,66.3 2 1
projects/features/user/services/service.go:75.72,78.16 2 1
projects/features/user/services/service.go:81.2,85.16 4 1
projects/features/user/services/service.go:95.2,95.17 1 1
projects/features/user/services/service.go:78.16,80.3 1 1
projects/features/user/services/service.go:85.16,87.50 2 1
projects/features/user/services/service.go:92.3,92.38 1 1
projects/features/user/services/service.go:87.50,89.4 1 1
projects/features/user/services/service.go:89.9,91.4 1 1
projects/features/user/services/service.go:98.71,100.13 2 1
projects/features/user/services/service.go:103.2,104.16 2 1
projects/features/user/services/service.go:114.2,114.17 1 1
projects/features/user/services/service.go:100.13,102.3 1 1
projects/features/user/services/service.go:104.16,107.49 3 1
projects/features/user/services/service.go:112.3,112.38 1 1
projects/features/user/services/service.go:107.49,109.4 1 1
projects/features/user/services/service.go:109.9,111.4 1 1
projects/features/user/services/service.go:117.120,118.31 1 1
projects/features/user/services/service.go:123.2,124.13 2 1
projects/features/user/services/service.go:128.2,128.31 1 1
projects/features/user/services/service.go:135.2,135.28 1 1
projects/features/user/services/service.go:142.2,142.17 1 1
projects/features/user/services/service.go:170.2,172.16 2 1
projects/features/user/services/service.go:184.2,184.17 1 1
projects/features/user/services/service.go:118.31,121.3 2 1
projects/features/user/services/service.go:124.13,126.3 1 1
projects/features/user/services/service.go:128.31,130.17 2 1
projects/features/user/services/service.go:130.17,132.4 1 1
projects/features/user/services/service.go:135.28,137.17 2 1
projects/features/user/services/service.go:137.17,139.4 1 1
projects/features/user/services/service.go:142.17,144.17 2 1
projects/features/user/services/service.go:147.3,148.17 2 1
projects/features/user/services/service.go:153.3,154.17 2 1
projects/features/user/services/service.go:157.3,160.17 3 1
projects/features/user/services/service.go:163.3,163.21 1 1
projects/features/user/services/service.go:167.3,167.20 1 1
projects/features/user/services/service.go:144.17,146.4 1 1
projects/features/user/services/service.go:148.17,152.4 3 1
projects/features/user/services/service.go:154.17,156.4 1 1
projects/features/user/services/service.go:160.17,162.4 1 1
projects/features/user/services/service.go:163.21,165.4 1 0
projects/features/user/services/service.go:172.16,174.49 2 1
projects/features/user/services/service.go:181.3,181.38 1 1
projects/features/user/services/service.go:174.49,176.4 1 1
projects/features/user/services/service.go:176.9,176.56 1 1
projects/features/user/services/service.go:176.56,178.4 1 1
projects/features/user/services/service.go:178.9,180.4 1 1
projects/features/user/services/service.go:187.70,190.13 2 1
projects/features/user/services/service.go:193.2,194.16 2 1
projects/features/user/services/service.go:203.2,203.18 1 1
projects/features/user/services/service.go:190.13,192.3 1 1
projects/features/user/services/service.go:194.16,196.49 2 1
projects/features/user/services/service.go:201.3,201.38 1 1
projects/features/user/services/service.go:196.49,198.4 1 1
projects/features/user/services/service.go:198.9,200.4 1 1
