mode: set
projects/features/cart/services/service.go:18.45,23.2 1 1
projects/features/cart/services/service.go:25.92,28.28 2 1
projects/features/cart/services/service.go:32.2,33.17 2 1
projects/features/cart/services/service.go:37.2,38.16 2 1
projects/features/cart/services/service.go:50.2,50.17 1 1
projects/features/cart/services/service.go:28.28,31.3 1 1
projects/features/cart/services/service.go:33.17,35.3 1 1
projects/features/cart/services/service.go:38.16,41.49 3 1
projects/features/cart/services/service.go:48.3,48.38 1 1
projects/features/cart/services/service.go:41.49,43.4 1 1
projects/features/cart/services/service.go:43.9,43.52 1 1
projects/features/cart/services/service.go:43.52,45.4 1 1
projects/features/cart/services/service.go:45.9,47.4 1 1
projects/features/cart/services/service.go:53.75,55.17 2 1
projects/features/cart/services/service.go:58.2,59.16 2 1
projects/features/cart/services/service.go:70.2,70.17 1 1
projects/features/cart/services/service.go:55.17,57.3 1 1
projects/features/cart/services/service.go:59.16,62.49 3 1
projects/features/cart/services/service.go:67.3,67.40 1 1
projects/features/cart/services/service.go:62.49,64.4 1 1
projects/features/cart/services/service.go:64.9,66.4 1 1
projects/features/cart/services/service.go:73.93,75.17 2 1
projects/features/cart/services/service.go:78.2,79.16 2 1
projects/features/cart/services/service.go:91.2,91.12 1 1
projects/features/cart/services/service.go:75.17,77.3 1 1
projects/features/cart/services/service.go:79.16,82.49 3 1
projects/features/cart/services/service.go:89.3,89.25 1 1
projects/features/cart/services/service.go:82.49,84.4 1 1
projects/features/cart/services/service.go:84.9,84.52 1 1
projects/features/cart/services/service.go:84.52,86.4 1 1
projects/features/cart/services/service.go:86.9,88.4 1 1
projects/features/cart/services/service.go:94.84,96.17 2 1
projects/features/cart/services/service.go:99.2,100.16 2 1
projects/features/cart/services/service.go:110.2,110.12 1 1
projects/features/cart/services/service.go:96.17,98.3 1 1
projects/features/cart/services/service.go:100.16,103.49 3 1
projects/features/cart/services/service.go:108.3,108.25 1 1
projects/features/cart/services/service.go:103.49,105.4 1 1
projects/features/cart/services/service.go:105.9,107.4 1 1
