mode: set
projects/features/item/services/service.go:22.45,27.2 1 1
projects/features/item/services/service.go:30.109,32.17 2 1
projects/features/item/services/service.go:36.2,36.17 1 1
projects/features/item/services/service.go:63.2,64.16 2 1
projects/features/item/services/service.go:68.2,69.16 2 1
projects/features/item/services/service.go:73.2,74.16 2 1
projects/features/item/services/service.go:78.2,79.16 2 1
projects/features/item/services/service.go:89.2,89.17 1 0
projects/features/item/services/service.go:32.17,34.3 1 1
projects/features/item/services/service.go:36.17,38.17 2 1
projects/features/item/services/service.go:41.3,42.17 2 1
projects/features/item/services/service.go:47.3,48.17 2 1
projects/features/item/services/service.go:51.3,54.17 3 1
projects/features/item/services/service.go:58.3,60.20 2 0
projects/features/item/services/service.go:38.17,40.4 1 1
projects/features/item/services/service.go:42.17,46.4 3 0
projects/features/item/services/service.go:48.17,50.4 1 1
projects/features/item/services/service.go:54.17,56.4 1 1
projects/features/item/services/service.go:64.16,66.3 1 0
projects/features/item/services/service.go:69.16,71.3 1 0
projects/features/item/services/service.go:74.16,76.3 1 0
projects/features/item/services/service.go:79.16,81.49 2 1
projects/features/item/services/service.go:86.3,86.38 1 1
projects/features/item/services/service.go:81.49,83.4 1 0
projects/features/item/services/service.go:83.9,85.4 1 1
projects/features/item/services/service.go:93.64,95.17 2 1
projects/features/item/services/service.go:98.2,99.16 2 1
projects/features/item/services/service.go:108.2,108.12 1 1
projects/features/item/services/service.go:95.17,97.3 1 0
projects/features/item/services/service.go:99.16,101.49 2 1
projects/features/item/services/service.go:106.3,106.25 1 1
projects/features/item/services/service.go:101.49,103.4 1 1
projects/features/item/services/service.go:103.9,105.4 1 1
projects/features/item/services/service.go:112.58,114.16 2 1
projects/features/item/services/service.go:123.2,123.17 1 1
projects/features/item/services/service.go:114.16,116.49 2 1
projects/features/item/services/service.go:121.3,121.40 1 1
projects/features/item/services/service.go:116.49,118.4 1 1
projects/features/item/services/service.go:118.9,120.4 1 1
projects/features/item/services/service.go:127.71,129.17 2 1
projects/features/item/services/service.go:132.2,133.16 2 1
projects/features/item/services/service.go:143.2,143.17 1 1
projects/features/item/services/service.go:129.17,131.3 1 1
projects/features/item/services/service.go:133.16,136.49 3 1
projects/features/item/services/service.go:141.3,141.40 1 1
projects/features/item/services/service.go:136.49,138.4 1 1
projects/features/item/services/service.go:138.9,140.4 1 1
projects/features/item/services/service.go:146.88,148.17 2 1
projects/features/item/services/service.go:151.2,152.16 2 1
projects/features/item/services/service.go:161.2,161.17 1 1
projects/features/item/services/service.go:148.17,150.3 1 1
projects/features/item/services/service.go:152.16,154.49 2 1
projects/features/item/services/service.go:159.3,159.38 1 1
projects/features/item/services/service.go:154.49,156.4 1 1
projects/features/item/services/service.go:156.9,158.4 1 1
projects/features/item/services/service.go:165.128,167.17 2 0
projects/features/item/services/service.go:170.2,170.17 1 0
projects/features/item/services/service.go:197.2,197.38 1 0
projects/features/item/services/service.go:204.2,204.26 1 0
projects/features/item/services/service.go:211.2,211.27 1 0
projects/features/item/services/service.go:218.2,219.16 2 0
projects/features/item/services/service.go:230.2,230.17 1 0
projects/features/item/services/service.go:167.17,169.3 1 0
projects/features/item/services/service.go:170.17,172.17 2 0
projects/features/item/services/service.go:175.3,176.17 2 0
projects/features/item/services/service.go:181.3,182.17 2 0
projects/features/item/services/service.go:185.3,188.17 3 0
projects/features/item/services/service.go:192.3,194.20 2 0
projects/features/item/services/service.go:172.17,174.4 1 0
projects/features/item/services/service.go:176.17,180.4 3 0
projects/features/item/services/service.go:182.17,184.4 1 0
projects/features/item/services/service.go:188.17,190.4 1 0
projects/features/item/services/service.go:197.38,199.17 2 0
projects/features/item/services/service.go:199.17,201.4 1 0
projects/features/item/services/service.go:204.26,206.17 2 0
projects/features/item/services/service.go:206.17,208.4 1 0
projects/features/item/services/service.go:211.27,213.17 2 0
projects/features/item/services/service.go:213.17,215.4 1 0
projects/features/item/services/service.go:219.16,222.49 3 0
projects/features/item/services/service.go:227.3,227.38 1 0
projects/features/item/services/service.go:222.49,224.4 1 0
projects/features/item/services/service.go:224.9,226.4 1 0
projects/features/user/services/service.go:21.45,26.2 1 1
projects/features/user/services/service.go:44.82,47.16 2 1
projects/features/user/services/service.go:51.2,52.16 2 1
projects/features/user/services/service.go:63.2,63.71 1 1
projects/features/user/services/service.go:69.2,71.24 2 1
projects/features/user/services/service.go:47.16,49.3 1 1
projects/features/user/services/service.go:52.16,55.93 3 1
projects/features/user/services/service.go:60.3,60.42 1 1
projects/features/user/services/service.go:55.93,57.4 1 1
projects/features/user/services/service.go:57.9,59.4 1 1
projects/features/user/services/service.go:63.71,66.3 2 1
projects/features/user/services/service.go:75.72,78.16 2 1
projects/features/user/services/service.go:81.2,85.16 4 1
projects/features/user/services/service.go:95.2,95.17 1 1
projects/features/user/services/service.go:78.16,80.3 1 1
projects/features/user/services/service.go:85.16,87.50 2 1
projects/features/user/services/service.go:92.3,92.38 1 1
projects/features/user/services/service.go:87.50,89.4 1 1
projects/features/user/services/service.go:89.9,91.4 1 1
projects/features/user/services/service.go:98.71,100.13 2 1
projects/features/user/services/service.go:103.2,104.16 2 1
projects/features/user/services/service.go:114.2,114.17 1 1
projects/features/user/services/service.go:100.13,102.3 1 1
projects/features/user/services/service.go:104.16,107.49 3 1
projects/features/user/services/service.go:112.3,112.38 1 1
projects/features/user/services/service.go:107.49,109.4 1 1
projects/features/user/services/service.go:109.9,111.4 1 1
projects/features/user/services/service.go:117.120,118.31 1 1
projects/features/user/services/service.go:123.2,124.13 2 1
projects/features/user/services/service.go:128.2,128.31 1 1
projects/features/user/services/service.go:135.2,135.28 1 1
projects/features/user/services/service.go:142.2,142.17 1 1
projects/features/user/services/service.go:170.2,172.16 2 1
projects/features/user/services/service.go:184.2,184.17 1 1
projects/features/user/services/service.go:118.31,121.3 2 1
projects/features/user/services/service.go:124.13,126.3 1 1
projects/features/user/services/service.go:128.31,130.17 2 1
projects/features/user/services/service.go:130.17,132.4 1 1
projects/features/user/services/service.go:135.28,137.17 2 1
projects/features/user/services/service.go:137.17,139.4 1 1
projects/features/user/services/service.go:142.17,144.17 2 1
projects/features/user/services/service.go:147.3,148.17 2 1
projects/features/user/services/service.go:153.3,154.17 2 1
projects/features/user/services/service.go:157.3,160.17 3 1
projects/features/user/services/service.go:163.3,163.21 1 1
projects/features/user/services/service.go:167.3,167.20 1 1
projects/features/user/services/service.go:144.17,146.4 1 1
projects/features/user/services/service.go:148.17,152.4 3 1
projects/features/user/services/service.go:154.17,156.4 1 1
projects/features/user/services/service.go:160.17,162.4 1 1
projects/features/user/services/service.go:163.21,165.4 1 0
projects/features/user/services/service.go:172.16,174.49 2 1
projects/features/user/services/service.go:181.3,181.38 1 1
projects/features/user/services/service.go:174.49,176.4 1 1
projects/features/user/services/service.go:176.9,176.56 1 1
projects/features/user/services/service.go:176.56,178.4 1 1
projects/features/user/services/service.go:178.9,180.4 1 1
projects/features/user/services/service.go:187.70,190.13 2 1
projects/features/user/services/service.go:193.2,194.16 2 1
projects/features/user/services/service.go:203.2,203.18 1 1
projects/features/user/services/service.go:190.13,192.3 1 1
projects/features/user/services/service.go:194.16,196.49 2 1
projects/features/user/services/service.go:201.3,201.38 1 1
projects/features/user/services/service.go:196.49,198.4 1 1
projects/features/user/services/service.go:198.9,200.4 1 1
