mode: set
projects/features/user/services/service.go:21.45,26.2 1 1
projects/features/user/services/service.go:28.82,31.16 2 1
projects/features/user/services/service.go:35.2,36.16 2 1
projects/features/user/services/service.go:47.2,47.71 1 1
projects/features/user/services/service.go:53.2,55.24 2 1
projects/features/user/services/service.go:31.16,33.3 1 1
projects/features/user/services/service.go:36.16,39.93 3 1
projects/features/user/services/service.go:44.3,44.42 1 1
projects/features/user/services/service.go:39.93,41.4 1 1
projects/features/user/services/service.go:41.9,43.4 1 1
projects/features/user/services/service.go:47.71,50.3 2 1
projects/features/user/services/service.go:59.72,62.16 2 1
projects/features/user/services/service.go:65.2,69.16 4 1
projects/features/user/services/service.go:79.2,79.17 1 1
projects/features/user/services/service.go:62.16,64.3 1 1
projects/features/user/services/service.go:69.16,71.50 2 1
projects/features/user/services/service.go:76.3,76.38 1 1
projects/features/user/services/service.go:71.50,73.4 1 1
projects/features/user/services/service.go:73.9,75.4 1 1
projects/features/user/services/service.go:82.71,84.13 2 1
projects/features/user/services/service.go:87.2,88.16 2 1
projects/features/user/services/service.go:98.2,98.17 1 1
projects/features/user/services/service.go:84.13,86.3 1 1
projects/features/user/services/service.go:88.16,91.49 3 1
projects/features/user/services/service.go:96.3,96.38 1 1
projects/features/user/services/service.go:91.49,93.4 1 1
projects/features/user/services/service.go:93.9,95.4 1 1
projects/features/user/services/service.go:101.120,102.31 1 1
projects/features/user/services/service.go:107.2,108.13 2 1
projects/features/user/services/service.go:112.2,112.31 1 1
projects/features/user/services/service.go:119.2,119.28 1 1
projects/features/user/services/service.go:126.2,126.17 1 1
projects/features/user/services/service.go:154.2,156.16 2 1
projects/features/user/services/service.go:168.2,168.17 1 1
projects/features/user/services/service.go:102.31,105.3 2 1
projects/features/user/services/service.go:108.13,110.3 1 1
projects/features/user/services/service.go:112.31,114.17 2 1
projects/features/user/services/service.go:114.17,116.4 1 1
projects/features/user/services/service.go:119.28,121.17 2 1
projects/features/user/services/service.go:121.17,123.4 1 1
projects/features/user/services/service.go:126.17,128.17 2 1
projects/features/user/services/service.go:131.3,132.17 2 1
projects/features/user/services/service.go:137.3,138.17 2 1
projects/features/user/services/service.go:141.3,147.21 3 1
projects/features/user/services/service.go:151.3,151.20 1 1
projects/features/user/services/service.go:128.17,130.4 1 1
projects/features/user/services/service.go:132.17,136.4 3 1
projects/features/user/services/service.go:138.17,140.4 1 1
projects/features/user/services/service.go:147.21,149.4 1 0
projects/features/user/services/service.go:156.16,158.49 2 1
projects/features/user/services/service.go:165.3,165.38 1 1
projects/features/user/services/service.go:158.49,160.4 1 1
projects/features/user/services/service.go:160.9,160.56 1 1
projects/features/user/services/service.go:160.56,162.4 1 1
projects/features/user/services/service.go:162.9,164.4 1 1
projects/features/user/services/service.go:171.70,174.13 2 1
projects/features/user/services/service.go:177.2,178.16 2 1
projects/features/user/services/service.go:187.2,187.18 1 1
projects/features/user/services/service.go:174.13,176.3 1 1
projects/features/user/services/service.go:178.16,180.49 2 1
projects/features/user/services/service.go:185.3,185.38 1 1
projects/features/user/services/service.go:180.49,182.4 1 1
projects/features/user/services/service.go:182.9,184.4 1 1
